<?xml version="1.0" encoding="UTF-8"?>
<!-- Generated by org.testng.reporters.JUnitReportReporter -->
<testsuite skipped="0" hostname="BLRLAP653" name="runfailedtests.ParrallelTests2" tests="4" failures="0" timestamp="22 Jan 2019 15:01:22 GMT" time="20.050" errors="0">
  <testcase name="test2" time="5.010" classname="runfailedtests.ParrallelTests2"/>
  <testcase name="test1" time="5.033" classname="runfailedtests.ParrallelTests2"/>
  <testcase name="test3" time="5.005" classname="runfailedtests.ParrallelTests2"/>
  <testcase name="test4" time="5.002" classname="runfailedtests.ParrallelTests2"/>
</testsuite> <!-- runfailedtests.ParrallelTests2 -->
