<?xml version="1.0" encoding="UTF-8"?>
<!-- Generated by org.testng.reporters.JUnitReportReporter -->
<testsuite skipped="0" hostname="BLRLAP653" name="LoginTest" tests="4" failures="0" timestamp="14 Aug 2017 16:38:42 GMT" time="0.034" errors="0">
  <testcase name="doLoginTest" time="0.025" classname="LoginTest"/>
  <testcase name="doRegister" time="0.003" classname="LoginTest"/>
  <testcase name="doLoginTest" time="0.003" classname="LoginTest"/>
  <testcase name="doRegister" time="0.003" classname="LoginTest"/>
</testsuite> <!-- LoginTest -->
