<?xml version="1.0" encoding="UTF-8"?>
<!-- Generated by org.testng.reporters.JUnitReportReporter -->
<testsuite skipped="0" hostname="BLRLAP653" name="ApplicationTest" tests="3" failures="0" timestamp="27 Aug 2017 17:13:05 GMT" time="0.021" errors="0">
  <testcase name="doLogin" time="0.014" classname="ApplicationTest"/>
  <testcase name="doPasswordChange" time="0.004" classname="ApplicationTest"/>
  <testcase name="logout" time="0.003" classname="ApplicationTest"/>
</testsuite> <!-- ApplicationTest -->
