<?xml version="1.0" encoding="UTF-8"?>
<!-- Generated by org.testng.reporters.JUnitReportReporter -->
<testsuite skipped="0" hostname="BLRLAP653" name="runfailedtests.ParrallelTests" tests="4" failures="0" timestamp="22 Jan 2019 15:01:22 GMT" time="20.079" errors="0">
  <testcase name="test3" time="5.008" classname="runfailedtests.ParrallelTests"/>
  <testcase name="test1" time="5.057" classname="runfailedtests.ParrallelTests"/>
  <testcase name="test4" time="5.009" classname="runfailedtests.ParrallelTests"/>
  <testcase name="test2" time="5.005" classname="runfailedtests.ParrallelTests"/>
</testsuite> <!-- runfailedtests.ParrallelTests -->
