<?xml version="1.0" encoding="UTF-8"?>
<!-- Generated by org.testng.reporters.JUnitReportReporter -->
<testsuite skipped="0" hostname="BLRLAP653" name="RegTest" tests="1" failures="0" timestamp="14 Aug 2017 13:11:53 GMT" time="0.662" errors="0">
  <testcase name="doRegisterTest" time="0.662" classname="RegTest"/>
</testsuite> <!-- RegTest -->
