<?xml version="1.0" encoding="UTF-8"?>
<!-- Generated by org.testng.reporters.JUnitReportReporter -->
<testsuite skipped="0" hostname="BLRLAP653" name="ClassB" tests="1" failures="0" timestamp="17 Sep 2017 16:30:36 GMT" time="0.005" errors="0">
  <testcase name="test2" time="0.005" classname="ClassB"/>
</testsuite> <!-- ClassB -->
