<?xml version="1.0" encoding="UTF-8"?>
<!-- Generated by org.testng.reporters.JUnitReportReporter -->
<testsuite skipped="0" hostname="BLRLAP653" name="parellelExecution.TestD" tests="4" failures="0" timestamp="17 Sep 2018 12:18:57 GMT" time="40.182" errors="0">
  <testcase name="login" time="10.043" classname="parellelExecution.TestD"/>
  <testcase name="login" time="10.033" classname="parellelExecution.TestD"/>
  <testcase name="login" time="10.057" classname="parellelExecution.TestD"/>
  <testcase name="login" time="10.049" classname="parellelExecution.TestD"/>
</testsuite> <!-- parellelExecution.TestD -->
