<?xml version="1.0" encoding="UTF-8"?>
<!-- Generated by org.testng.reporters.JUnitReportReporter -->
<testsuite hostname="BLRLAP653" name="parellelExecution.TestB" tests="1" failures="0" timestamp="22 Sep 2018 17:47:57 GMT" time="2.002" errors="0">
  <testcase name="testB1" time="2.002" classname="parellelExecution.TestB"/>
</testsuite> <!-- parellelExecution.TestB -->
