<?xml version="1.0" encoding="UTF-8"?>
<!-- Generated by org.testng.reporters.JUnitReportReporter -->
<testsuite skipped="0" hostname="BLRLAP653" name="runTestmultipletime" tests="6" failures="0" timestamp="17 Sep 2017 14:03:04 GMT" time="0.029" errors="0">
  <testcase name="sampleTest" time="0.006" classname="runTestmultipletime"/>
  <testcase name="sampleTest" time="0.009" classname="runTestmultipletime"/>
  <testcase name="sampleTest" time="0.010" classname="runTestmultipletime"/>
  <testcase name="sampleTest" time="0.001" classname="runTestmultipletime"/>
  <testcase name="sampleTest" time="0.002" classname="runTestmultipletime"/>
  <testcase name="sampleTest" time="0.001" classname="runTestmultipletime"/>
</testsuite> <!-- runTestmultipletime -->
