<?xml version="1.0" encoding="UTF-8"?>
<!-- Generated by org.testng.reporters.JUnitReportReporter -->
<testsuite skipped="0" hostname="BLRLAP653" name="LoginTest1" tests="4" failures="0" timestamp="14 Aug 2017 15:50:09 GMT" time="0.032" errors="0">
  <testcase name="TestB" time="0.002" classname="LoginTest1"/>
  <testcase name="TestA" time="0.025" classname="LoginTest1"/>
  <testcase name="TestB" time="0.002" classname="LoginTest1"/>
  <testcase name="TestA" time="0.003" classname="LoginTest1"/>
</testsuite> <!-- LoginTest1 -->
